This file contains any messages produced by compilers while
running configure, to aid debugging if configure makes a mistake.

It was created by configure, which was
generated by GNU Autoconf 2.69.  Invocation command line was

  $ configure 

## --------- ##
## Platform. ##
## --------- ##

hostname = JANGKO-PC
uname -m = x86_64
uname -r = 2.3.0(0.290/5/3)
uname -s = MINGW64_NT-10.0
uname -v = 2015-09-15 09:39

/usr/bin/uname -p = unknown
/bin/uname -X     = unknown

/bin/arch              = x86_64
/usr/bin/arch -k       = unknown
/usr/convex/getsysinfo = unknown
/usr/bin/hostinfo      = unknown
/bin/machine           = unknown
/usr/bin/oslevel       = unknown
/bin/universe          = unknown

PATH: /mingw64/bin
PATH: /usr/local/bin
PATH: /usr/bin
PATH: /bin
PATH: /f/Perl64/site/bin
PATH: /f/Perl64/bin
PATH: /c/Program Files (x86)/Common Files/Intel/Shared Files/cpp/bin/Intel64
PATH: /c/Windows/system32
PATH: /c/Windows
PATH: /c/Windows/System32/Wbem
PATH: /c/Windows/System32/WindowsPowerShell/v1.0
PATH: /f/projects/Nim/bin
PATH: /f/MingW64/bin
PATH: /c/Program Files (x86)/CMake/bin
PATH: /f/python27
PATH: /f/nasm


## ----------- ##
## Core tests. ##
## ----------- ##

configure:2205: checking for nasm
configure:2223: found /f/nasm/nasm
configure:2235: result: /f/nasm/nasm
configure:2342: checking for gcc
configure:2358: found /f/MingW64/bin/gcc
configure:2369: result: gcc
configure:2598: checking for C compiler version
configure:2607: gcc --version >&5
gcc.exe (GCC) 5.3.0
Copyright (C) 2015 Free Software Foundation, Inc.
This is free software; see the source for copying conditions.  There is NO
warranty; not even for MERCHANTABILITY or FITNESS FOR A PARTICULAR PURPOSE.

configure:2618: $? = 0
configure:2607: gcc -v >&5
Using built-in specs.
COLLECT_GCC=F:\MingW64\bin\gcc.exe
COLLECT_LTO_WRAPPER=f:/mingw64/bin/../libexec/gcc/x86_64-w64-mingw32/5.3.0/lto-wrapper.exe
Target: x86_64-w64-mingw32
Configured with: ../src/configure --with-gmp=/c/temp/gcc/gmp --with-mpfr=/c/temp/gcc/mpfr --with-mpc=/c/temp/gcc/mpc --enable-languages=c,c++ --build=x86_64-w64-mingw32 --host=x86_64-w64-mingw32 --target=x86_64-w64-mingw32 --disable-multilib --prefix=/c/temp/gcc/dest --with-sysroot=/c/temp/gcc/dest --disable-libstdcxx-pch --disable-nls --disable-shared --disable-win32-registry --enable-checking=release --with-tune=haswell
Thread model: win32
gcc version 5.3.0 (GCC) 
configure:2618: $? = 0
configure:2607: gcc -V >&5
gcc.exe: error: unrecognized command line option '-V'
gcc.exe: fatal error: no input files
compilation terminated.
configure:2618: $? = 1
configure:2607: gcc -qversion >&5
gcc.exe: error: unrecognized command line option '-qversion'
gcc.exe: fatal error: no input files
compilation terminated.
configure:2618: $? = 1
configure:2638: checking whether the C compiler works
configure:2660: gcc    conftest.c  >&5
configure:2664: $? = 0
configure:2712: result: yes
configure:2715: checking for C compiler default output file name
configure:2717: result: a.exe
configure:2723: checking for suffix of executables
configure:2730: gcc -o conftest.exe    conftest.c  >&5
configure:2734: $? = 0
configure:2756: result: .exe
configure:2778: checking whether we are cross compiling
configure:2786: gcc -o conftest.exe    conftest.c  >&5
configure:2790: $? = 0
configure:2797: ./conftest.exe
configure:2801: $? = 0
configure:2816: result: no
configure:2821: checking for suffix of object files
configure:2843: gcc -c   conftest.c >&5
configure:2847: $? = 0
configure:2868: result: o
configure:2872: checking whether we are using the GNU C compiler
configure:2891: gcc -c   conftest.c >&5
configure:2891: $? = 0
configure:2900: result: yes
configure:2909: checking whether gcc accepts -g
configure:2929: gcc -c -g  conftest.c >&5
configure:2929: $? = 0
configure:2970: result: yes
configure:2987: checking for gcc option to accept ISO C89
configure:3050: gcc  -c -g -O2  conftest.c >&5
configure:3050: $? = 0
configure:3063: result: none needed
configure:3089: checking how to run the C preprocessor
configure:3120: gcc -E  conftest.c
configure:3120: $? = 0
configure:3134: gcc -E  conftest.c
conftest.c:9:28: fatal error: ac_nonexistent.h: No such file or directory
compilation terminated.
configure:3134: $? = 1
configure: failed program was:
| /* confdefs.h */
| #define PACKAGE_NAME ""
| #define PACKAGE_TARNAME ""
| #define PACKAGE_VERSION ""
| #define PACKAGE_STRING ""
| #define PACKAGE_BUGREPORT ""
| #define PACKAGE_URL ""
| /* end confdefs.h.  */
| #include <ac_nonexistent.h>
configure:3159: result: gcc -E
configure:3179: gcc -E  conftest.c
configure:3179: $? = 0
configure:3193: gcc -E  conftest.c
conftest.c:9:28: fatal error: ac_nonexistent.h: No such file or directory
compilation terminated.
configure:3193: $? = 1
configure: failed program was:
| /* confdefs.h */
| #define PACKAGE_NAME ""
| #define PACKAGE_TARNAME ""
| #define PACKAGE_VERSION ""
| #define PACKAGE_STRING ""
| #define PACKAGE_BUGREPORT ""
| #define PACKAGE_URL ""
| /* end confdefs.h.  */
| #include <ac_nonexistent.h>
configure:3222: checking for grep that handles long lines and -e
configure:3280: result: /usr/bin/grep
configure:3285: checking for egrep
configure:3347: result: /usr/bin/grep -E
configure:3352: checking for ANSI C header files
configure:3372: gcc -c -g -O2  conftest.c >&5
configure:3372: $? = 0
configure:3445: gcc -o conftest.exe -g -O2   conftest.c  >&5
configure:3445: $? = 0
configure:3445: ./conftest.exe
configure:3445: $? = 0
configure:3456: result: yes
configure:3469: checking for sys/types.h
configure:3469: gcc -c -g -O2  conftest.c >&5
configure:3469: $? = 0
configure:3469: result: yes
configure:3469: checking for sys/stat.h
configure:3469: gcc -c -g -O2  conftest.c >&5
configure:3469: $? = 0
configure:3469: result: yes
configure:3469: checking for stdlib.h
configure:3469: gcc -c -g -O2  conftest.c >&5
configure:3469: $? = 0
configure:3469: result: yes
configure:3469: checking for string.h
configure:3469: gcc -c -g -O2  conftest.c >&5
configure:3469: $? = 0
configure:3469: result: yes
configure:3469: checking for memory.h
configure:3469: gcc -c -g -O2  conftest.c >&5
configure:3469: $? = 0
configure:3469: result: yes
configure:3469: checking for strings.h
configure:3469: gcc -c -g -O2  conftest.c >&5
configure:3469: $? = 0
configure:3469: result: yes
configure:3469: checking for inttypes.h
configure:3469: gcc -c -g -O2  conftest.c >&5
configure:3469: $? = 0
configure:3469: result: yes
configure:3469: checking for stdint.h
configure:3469: gcc -c -g -O2  conftest.c >&5
configure:3469: $? = 0
configure:3469: result: yes
configure:3469: checking for unistd.h
configure:3469: gcc -c -g -O2  conftest.c >&5
configure:3469: $? = 0
configure:3469: result: yes
configure:3482: checking minix/config.h usability
configure:3482: gcc -c -g -O2  conftest.c >&5
conftest.c:52:26: fatal error: minix/config.h: No such file or directory
compilation terminated.
configure:3482: $? = 1
configure: failed program was:
| /* confdefs.h */
| #define PACKAGE_NAME ""
| #define PACKAGE_TARNAME ""
| #define PACKAGE_VERSION ""
| #define PACKAGE_STRING ""
| #define PACKAGE_BUGREPORT ""
| #define PACKAGE_URL ""
| #define STDC_HEADERS 1
| #define HAVE_SYS_TYPES_H 1
| #define HAVE_SYS_STAT_H 1
| #define HAVE_STDLIB_H 1
| #define HAVE_STRING_H 1
| #define HAVE_MEMORY_H 1
| #define HAVE_STRINGS_H 1
| #define HAVE_INTTYPES_H 1
| #define HAVE_STDINT_H 1
| #define HAVE_UNISTD_H 1
| /* end confdefs.h.  */
| #include <stdio.h>
| #ifdef HAVE_SYS_TYPES_H
| # include <sys/types.h>
| #endif
| #ifdef HAVE_SYS_STAT_H
| # include <sys/stat.h>
| #endif
| #ifdef STDC_HEADERS
| # include <stdlib.h>
| # include <stddef.h>
| #else
| # ifdef HAVE_STDLIB_H
| #  include <stdlib.h>
| # endif
| #endif
| #ifdef HAVE_STRING_H
| # if !defined STDC_HEADERS && defined HAVE_MEMORY_H
| #  include <memory.h>
| # endif
| # include <string.h>
| #endif
| #ifdef HAVE_STRINGS_H
| # include <strings.h>
| #endif
| #ifdef HAVE_INTTYPES_H
| # include <inttypes.h>
| #endif
| #ifdef HAVE_STDINT_H
| # include <stdint.h>
| #endif
| #ifdef HAVE_UNISTD_H
| # include <unistd.h>
| #endif
| #include <minix/config.h>
configure:3482: result: no
configure:3482: checking minix/config.h presence
configure:3482: gcc -E  conftest.c
conftest.c:19:26: fatal error: minix/config.h: No such file or directory
compilation terminated.
configure:3482: $? = 1
configure: failed program was:
| /* confdefs.h */
| #define PACKAGE_NAME ""
| #define PACKAGE_TARNAME ""
| #define PACKAGE_VERSION ""
| #define PACKAGE_STRING ""
| #define PACKAGE_BUGREPORT ""
| #define PACKAGE_URL ""
| #define STDC_HEADERS 1
| #define HAVE_SYS_TYPES_H 1
| #define HAVE_SYS_STAT_H 1
| #define HAVE_STDLIB_H 1
| #define HAVE_STRING_H 1
| #define HAVE_MEMORY_H 1
| #define HAVE_STRINGS_H 1
| #define HAVE_INTTYPES_H 1
| #define HAVE_STDINT_H 1
| #define HAVE_UNISTD_H 1
| /* end confdefs.h.  */
| #include <minix/config.h>
configure:3482: result: no
configure:3482: checking for minix/config.h
configure:3482: result: no
configure:3503: checking whether it is safe to define __EXTENSIONS__
configure:3521: gcc -c -g -O2  conftest.c >&5
configure:3521: $? = 0
configure:3528: result: yes
configure:3590: checking for gcc
configure:3617: result: gcc
configure:3846: checking for C compiler version
configure:3855: gcc --version >&5
gcc.exe (GCC) 5.3.0
Copyright (C) 2015 Free Software Foundation, Inc.
This is free software; see the source for copying conditions.  There is NO
warranty; not even for MERCHANTABILITY or FITNESS FOR A PARTICULAR PURPOSE.

configure:3866: $? = 0
configure:3855: gcc -v >&5
Using built-in specs.
COLLECT_GCC=F:\MingW64\bin\gcc.exe
COLLECT_LTO_WRAPPER=f:/mingw64/bin/../libexec/gcc/x86_64-w64-mingw32/5.3.0/lto-wrapper.exe
Target: x86_64-w64-mingw32
Configured with: ../src/configure --with-gmp=/c/temp/gcc/gmp --with-mpfr=/c/temp/gcc/mpfr --with-mpc=/c/temp/gcc/mpc --enable-languages=c,c++ --build=x86_64-w64-mingw32 --host=x86_64-w64-mingw32 --target=x86_64-w64-mingw32 --disable-multilib --prefix=/c/temp/gcc/dest --with-sysroot=/c/temp/gcc/dest --disable-libstdcxx-pch --disable-nls --disable-shared --disable-win32-registry --enable-checking=release --with-tune=haswell
Thread model: win32
gcc version 5.3.0 (GCC) 
configure:3866: $? = 0
configure:3855: gcc -V >&5
gcc.exe: error: unrecognized command line option '-V'
gcc.exe: fatal error: no input files
compilation terminated.
configure:3866: $? = 1
configure:3855: gcc -qversion >&5
gcc.exe: error: unrecognized command line option '-qversion'
gcc.exe: fatal error: no input files
compilation terminated.
configure:3866: $? = 1
configure:3870: checking whether we are using the GNU C compiler
configure:3898: result: yes
configure:3907: checking whether gcc accepts -g
configure:3968: result: yes
configure:3985: checking for gcc option to accept ISO C89
configure:4061: result: none needed
configure:4081: checking whether ln -s works
configure:4088: result: no, using cp -pR
configure:4092: checking whether make sets $(MAKE)
configure:4114: result: yes
configure:4212: checking for a BSD-compatible install
configure:4280: result: /usr/bin/install -c
configure:4292: checking for an ANSI C-conforming const
configure:4358: gcc -c -g -O2  conftest.c >&5
configure:4358: $? = 0
configure:4365: result: yes
configure:4373: checking for C/C++ restrict keyword
configure:4398: gcc -c -g -O2  conftest.c >&5
configure:4398: $? = 0
configure:4406: result: __restrict
configure:4419: checking for size_t
configure:4419: gcc -c -g -O2  conftest.c >&5
configure:4419: $? = 0
configure:4419: gcc -c -g -O2  conftest.c >&5
conftest.c: In function 'main':
conftest.c:61:21: error: expected expression before ')' token
 if (sizeof ((size_t)))
                     ^
configure:4419: $? = 1
configure: failed program was:
| /* confdefs.h */
| #define PACKAGE_NAME ""
| #define PACKAGE_TARNAME ""
| #define PACKAGE_VERSION ""
| #define PACKAGE_STRING ""
| #define PACKAGE_BUGREPORT ""
| #define PACKAGE_URL ""
| #define STDC_HEADERS 1
| #define HAVE_SYS_TYPES_H 1
| #define HAVE_SYS_STAT_H 1
| #define HAVE_STDLIB_H 1
| #define HAVE_STRING_H 1
| #define HAVE_MEMORY_H 1
| #define HAVE_STRINGS_H 1
| #define HAVE_INTTYPES_H 1
| #define HAVE_STDINT_H 1
| #define HAVE_UNISTD_H 1
| #define __EXTENSIONS__ 1
| #define _ALL_SOURCE 1
| #define _GNU_SOURCE 1
| #define _POSIX_PTHREAD_SEMANTICS 1
| #define _TANDEM_SOURCE 1
| #define restrict __restrict
| /* end confdefs.h.  */
| #include <stdio.h>
| #ifdef HAVE_SYS_TYPES_H
| # include <sys/types.h>
| #endif
| #ifdef HAVE_SYS_STAT_H
| # include <sys/stat.h>
| #endif
| #ifdef STDC_HEADERS
| # include <stdlib.h>
| # include <stddef.h>
| #else
| # ifdef HAVE_STDLIB_H
| #  include <stdlib.h>
| # endif
| #endif
| #ifdef HAVE_STRING_H
| # if !defined STDC_HEADERS && defined HAVE_MEMORY_H
| #  include <memory.h>
| # endif
| # include <string.h>
| #endif
| #ifdef HAVE_STRINGS_H
| # include <strings.h>
| #endif
| #ifdef HAVE_INTTYPES_H
| # include <inttypes.h>
| #endif
| #ifdef HAVE_STDINT_H
| # include <stdint.h>
| #endif
| #ifdef HAVE_UNISTD_H
| # include <unistd.h>
| #endif
| int
| main ()
| {
| if (sizeof ((size_t)))
| 	    return 0;
|   ;
|   return 0;
| }
configure:4419: result: yes
configure:4430: checking if gcc has a working bool type
configure:4444: gcc -c -g -O2  conftest.c >&5
configure:4444: $? = 0
configure:4445: result: yes
configure:4456: checking whether byte ordering is bigendian
configure:4471: gcc -c -g -O2  conftest.c >&5
conftest.c:27:9: error: unknown type name 'not'
         not a universal capable compiler
         ^
conftest.c:27:15: error: expected '=', ',', ';', 'asm' or '__attribute__' before 'universal'
         not a universal capable compiler
               ^
conftest.c:27:15: error: unknown type name 'universal'
configure:4471: $? = 1
configure: failed program was:
| /* confdefs.h */
| #define PACKAGE_NAME ""
| #define PACKAGE_TARNAME ""
| #define PACKAGE_VERSION ""
| #define PACKAGE_STRING ""
| #define PACKAGE_BUGREPORT ""
| #define PACKAGE_URL ""
| #define STDC_HEADERS 1
| #define HAVE_SYS_TYPES_H 1
| #define HAVE_SYS_STAT_H 1
| #define HAVE_STDLIB_H 1
| #define HAVE_STRING_H 1
| #define HAVE_MEMORY_H 1
| #define HAVE_STRINGS_H 1
| #define HAVE_INTTYPES_H 1
| #define HAVE_STDINT_H 1
| #define HAVE_UNISTD_H 1
| #define __EXTENSIONS__ 1
| #define _ALL_SOURCE 1
| #define _GNU_SOURCE 1
| #define _POSIX_PTHREAD_SEMANTICS 1
| #define _TANDEM_SOURCE 1
| #define restrict __restrict
| #define HAVE_WORKING_BOOL 1
| /* end confdefs.h.  */
| #ifndef __APPLE_CC__
| 	       not a universal capable compiler
| 	     #endif
| 	     typedef int dummy;
| 
configure:4516: gcc -c -g -O2  conftest.c >&5
configure:4516: $? = 0
configure:4534: gcc -c -g -O2  conftest.c >&5
conftest.c: In function 'main':
conftest.c:33:4: error: unknown type name 'not'
    not big endian
    ^
conftest.c:33:12: error: expected '=', ',', ';', 'asm' or '__attribute__' before 'endian'
    not big endian
            ^
configure:4534: $? = 1
configure: failed program was:
| /* confdefs.h */
| #define PACKAGE_NAME ""
| #define PACKAGE_TARNAME ""
| #define PACKAGE_VERSION ""
| #define PACKAGE_STRING ""
| #define PACKAGE_BUGREPORT ""
| #define PACKAGE_URL ""
| #define STDC_HEADERS 1
| #define HAVE_SYS_TYPES_H 1
| #define HAVE_SYS_STAT_H 1
| #define HAVE_STDLIB_H 1
| #define HAVE_STRING_H 1
| #define HAVE_MEMORY_H 1
| #define HAVE_STRINGS_H 1
| #define HAVE_INTTYPES_H 1
| #define HAVE_STDINT_H 1
| #define HAVE_UNISTD_H 1
| #define __EXTENSIONS__ 1
| #define _ALL_SOURCE 1
| #define _GNU_SOURCE 1
| #define _POSIX_PTHREAD_SEMANTICS 1
| #define _TANDEM_SOURCE 1
| #define restrict __restrict
| #define HAVE_WORKING_BOOL 1
| /* end confdefs.h.  */
| #include <sys/types.h>
| 		#include <sys/param.h>
| 
| int
| main ()
| {
| #if BYTE_ORDER != BIG_ENDIAN
| 		 not big endian
| 		#endif
| 
|   ;
|   return 0;
| }
configure:4662: result: no
configure:4684: checking if gcc accepts -W
configure:4699: gcc -o conftest.exe -g -O2 -W   conftest.c  >&5
configure:4699: $? = 0
configure:4700: result: yes
configure:4709: checking if gcc accepts -Wall
configure:4724: gcc -o conftest.exe -g -O2 -W -Wall   conftest.c  >&5
configure:4724: $? = 0
configure:4725: result: yes
configure:4734: checking if gcc accepts -std=c99
configure:4749: gcc -o conftest.exe -g -O2 -W -Wall -std=c99   conftest.c  >&5
configure:4749: $? = 0
configure:4750: result: yes
configure:4759: checking if gcc accepts -pedantic
configure:4774: gcc -o conftest.exe -g -O2 -W -Wall -std=c99 -pedantic   conftest.c  >&5
configure:4774: $? = 0
configure:4775: result: yes
configure:4784: checking if gcc accepts -Werror=implicit
configure:4799: gcc -o conftest.exe -g -O2 -W -Wall -std=c99 -pedantic -Werror=implicit   conftest.c  >&5
configure:4799: $? = 0
configure:4800: result: yes
configure:4809: checking if gcc accepts -Werror=missing-braces
configure:4824: gcc -o conftest.exe -g -O2 -W -Wall -std=c99 -pedantic -Werror=implicit -Werror=missing-braces   conftest.c  >&5
configure:4824: $? = 0
configure:4825: result: yes
configure:4834: checking if gcc accepts -Werror=return-type
configure:4849: gcc -o conftest.exe -g -O2 -W -Wall -std=c99 -pedantic -Werror=implicit -Werror=missing-braces -Werror=return-type   conftest.c  >&5
configure:4849: $? = 0
configure:4850: result: yes
configure:4859: checking if gcc accepts -Werror=trigraphs
configure:4874: gcc -o conftest.exe -g -O2 -W -Wall -std=c99 -pedantic -Werror=implicit -Werror=missing-braces -Werror=return-type -Werror=trigraphs   conftest.c  >&5
configure:4874: $? = 0
configure:4875: result: yes
configure:4884: checking if gcc accepts -Werror=pointer-arith
configure:4899: gcc -o conftest.exe -g -O2 -W -Wall -std=c99 -pedantic -Werror=implicit -Werror=missing-braces -Werror=return-type -Werror=trigraphs -Werror=pointer-arith   conftest.c  >&5
configure:4899: $? = 0
configure:4900: result: yes
configure:4909: checking if gcc accepts -Werror=strict-prototypes
configure:4924: gcc -o conftest.exe -g -O2 -W -Wall -std=c99 -pedantic -Werror=implicit -Werror=missing-braces -Werror=return-type -Werror=trigraphs -Werror=pointer-arith -Werror=strict-prototypes   conftest.c  >&5
conftest.c:29:1: error: function declaration isn't a prototype [-Werror=strict-prototypes]
 main ()
 ^
cc1.exe: some warnings being treated as errors
configure:4924: $? = 1
configure: failed program was:
| /* confdefs.h */
| #define PACKAGE_NAME ""
| #define PACKAGE_TARNAME ""
| #define PACKAGE_VERSION ""
| #define PACKAGE_STRING ""
| #define PACKAGE_BUGREPORT ""
| #define PACKAGE_URL ""
| #define STDC_HEADERS 1
| #define HAVE_SYS_TYPES_H 1
| #define HAVE_SYS_STAT_H 1
| #define HAVE_STDLIB_H 1
| #define HAVE_STRING_H 1
| #define HAVE_MEMORY_H 1
| #define HAVE_STRINGS_H 1
| #define HAVE_INTTYPES_H 1
| #define HAVE_STDINT_H 1
| #define HAVE_UNISTD_H 1
| #define __EXTENSIONS__ 1
| #define _ALL_SOURCE 1
| #define _GNU_SOURCE 1
| #define _POSIX_PTHREAD_SEMANTICS 1
| #define _TANDEM_SOURCE 1
| #define restrict __restrict
| #define HAVE_WORKING_BOOL 1
| #define WORDS_LITTLEENDIAN 1
| /* end confdefs.h.  */
| #include <stdio.h>
| int
| main ()
| {
| printf("Hello, World!\n");
|   ;
|   return 0;
| }
configure:4928: result: no
configure:4934: checking if gcc accepts -Werror=missing-prototypes
configure:4949: gcc -o conftest.exe -g -O2 -W -Wall -std=c99 -pedantic -Werror=implicit -Werror=missing-braces -Werror=return-type -Werror=trigraphs -Werror=pointer-arith -Werror=missing-prototypes   conftest.c  >&5
configure:4949: $? = 0
configure:4950: result: yes
configure:4959: checking if gcc accepts -Werror=missing-declarations
configure:4974: gcc -o conftest.exe -g -O2 -W -Wall -std=c99 -pedantic -Werror=implicit -Werror=missing-braces -Werror=return-type -Werror=trigraphs -Werror=pointer-arith -Werror=missing-prototypes -Werror=missing-declarations   conftest.c  >&5
configure:4974: $? = 0
configure:4975: result: yes
configure:4984: checking if gcc accepts -Werror=comment
configure:4999: gcc -o conftest.exe -g -O2 -W -Wall -std=c99 -pedantic -Werror=implicit -Werror=missing-braces -Werror=return-type -Werror=trigraphs -Werror=pointer-arith -Werror=missing-prototypes -Werror=missing-declarations -Werror=comment   conftest.c  >&5
configure:4999: $? = 0
configure:5000: result: yes
configure:5009: checking if gcc accepts -Werror=vla
configure:5024: gcc -o conftest.exe -g -O2 -W -Wall -std=c99 -pedantic -Werror=implicit -Werror=missing-braces -Werror=return-type -Werror=trigraphs -Werror=pointer-arith -Werror=missing-prototypes -Werror=missing-declarations -Werror=comment -Werror=vla   conftest.c  >&5
configure:5024: $? = 0
configure:5025: result: yes
configure:5039: checking for nroff
configure:5069: result: no
configure:5082: checking for asciidoc
configure:5112: result: no
configure:5125: checking for xmlto
configure:5155: result: no
configure:5168: checking for acrodist
configure:5198: result: no
configure:5211: checking for ps2pdf
configure:5241: result: no
configure:5254: checking for pstopdf
configure:5284: result: no
configure:5295: WARNING: No acsciidoc package found
configure:5299: WARNING: No xmlto package found
configure:5303: checking for ANSI C header files
configure:5407: result: yes
configure:5421: checking limits.h usability
configure:5421: gcc -c -g -O2 -W -Wall -std=c99 -pedantic -Werror=implicit -Werror=missing-braces -Werror=return-type -Werror=trigraphs -Werror=pointer-arith -Werror=missing-prototypes -Werror=missing-declarations -Werror=comment -Werror=vla  conftest.c >&5
configure:5421: $? = 0
configure:5421: result: yes
configure:5421: checking limits.h presence
configure:5421: gcc -E  conftest.c
configure:5421: $? = 0
configure:5421: result: yes
configure:5421: checking for limits.h
configure:5421: result: yes
configure:5437: checking for inttypes.h
configure:5437: result: yes
configure:5452: checking for strings.h
configure:5452: result: yes
configure:5465: checking stdbool.h usability
configure:5465: gcc -c -g -O2 -W -Wall -std=c99 -pedantic -Werror=implicit -Werror=missing-braces -Werror=return-type -Werror=trigraphs -Werror=pointer-arith -Werror=missing-prototypes -Werror=missing-declarations -Werror=comment -Werror=vla  conftest.c >&5
configure:5465: $? = 0
configure:5465: result: yes
configure:5465: checking stdbool.h presence
configure:5465: gcc -E  conftest.c
configure:5465: $? = 0
configure:5465: result: yes
configure:5465: checking for stdbool.h
configure:5465: result: yes
configure:5480: checking for strcspn
configure:5480: gcc -o conftest.exe -g -O2 -W -Wall -std=c99 -pedantic -Werror=implicit -Werror=missing-braces -Werror=return-type -Werror=trigraphs -Werror=pointer-arith -Werror=missing-prototypes -Werror=missing-declarations -Werror=comment -Werror=vla   conftest.c  >&5
conftest.c:55:6: warning: conflicting types for built-in function 'strcspn'
 char strcspn ();
      ^
configure:5480: $? = 0
configure:5480: result: yes
configure:5494: checking for strspn
configure:5494: gcc -o conftest.exe -g -O2 -W -Wall -std=c99 -pedantic -Werror=implicit -Werror=missing-braces -Werror=return-type -Werror=trigraphs -Werror=pointer-arith -Werror=missing-prototypes -Werror=missing-declarations -Werror=comment -Werror=vla   conftest.c  >&5
conftest.c:56:6: warning: conflicting types for built-in function 'strspn'
 char strspn ();
      ^
configure:5494: $? = 0
configure:5494: result: yes
configure:5510: checking for vsnprintf
configure:5510: gcc -o conftest.exe -g -O2 -W -Wall -std=c99 -pedantic -Werror=implicit -Werror=missing-braces -Werror=return-type -Werror=trigraphs -Werror=pointer-arith -Werror=missing-prototypes -Werror=missing-declarations -Werror=comment -Werror=vla   conftest.c  >&5
conftest.c:57:6: warning: conflicting types for built-in function 'vsnprintf'
 char vsnprintf ();
      ^
configure:5510: $? = 0
configure:5510: result: yes
configure:5510: checking for _vsnprintf
configure:5510: gcc -o conftest.exe -g -O2 -W -Wall -std=c99 -pedantic -Werror=implicit -Werror=missing-braces -Werror=return-type -Werror=trigraphs -Werror=pointer-arith -Werror=missing-prototypes -Werror=missing-declarations -Werror=comment -Werror=vla   conftest.c  >&5
configure:5510: $? = 0
configure:5510: result: yes
configure:5527: checking for snprintf
configure:5527: gcc -o conftest.exe -g -O2 -W -Wall -std=c99 -pedantic -Werror=implicit -Werror=missing-braces -Werror=return-type -Werror=trigraphs -Werror=pointer-arith -Werror=missing-prototypes -Werror=missing-declarations -Werror=comment -Werror=vla   conftest.c  >&5
conftest.c:59:6: warning: conflicting types for built-in function 'snprintf'
 char snprintf ();
      ^
configure:5527: $? = 0
configure:5527: result: yes
configure:5527: checking for _snprintf
configure:5527: gcc -o conftest.exe -g -O2 -W -Wall -std=c99 -pedantic -Werror=implicit -Werror=missing-braces -Werror=return-type -Werror=trigraphs -Werror=pointer-arith -Werror=missing-prototypes -Werror=missing-declarations -Werror=comment -Werror=vla   conftest.c  >&5
configure:5527: $? = 0
configure:5527: result: yes
configure:5543: checking for strcasecmp
configure:5543: gcc -o conftest.exe -g -O2 -W -Wall -std=c99 -pedantic -Werror=implicit -Werror=missing-braces -Werror=return-type -Werror=trigraphs -Werror=pointer-arith -Werror=missing-prototypes -Werror=missing-declarations -Werror=comment -Werror=vla   conftest.c  >&5
configure:5543: $? = 0
configure:5543: result: yes
configure:5543: checking for stricmp
configure:5543: gcc -o conftest.exe -g -O2 -W -Wall -std=c99 -pedantic -Werror=implicit -Werror=missing-braces -Werror=return-type -Werror=trigraphs -Werror=pointer-arith -Werror=missing-prototypes -Werror=missing-declarations -Werror=comment -Werror=vla   conftest.c  >&5
configure:5543: $? = 0
configure:5543: result: yes
configure:5555: checking for strncasecmp
configure:5555: gcc -o conftest.exe -g -O2 -W -Wall -std=c99 -pedantic -Werror=implicit -Werror=missing-braces -Werror=return-type -Werror=trigraphs -Werror=pointer-arith -Werror=missing-prototypes -Werror=missing-declarations -Werror=comment -Werror=vla   conftest.c  >&5
configure:5555: $? = 0
configure:5555: result: yes
configure:5555: checking for strnicmp
configure:5555: gcc -o conftest.exe -g -O2 -W -Wall -std=c99 -pedantic -Werror=implicit -Werror=missing-braces -Werror=return-type -Werror=trigraphs -Werror=pointer-arith -Werror=missing-prototypes -Werror=missing-declarations -Werror=comment -Werror=vla   conftest.c  >&5
configure:5555: $? = 0
configure:5555: result: yes
configure:5566: checking for strsep
configure:5566: gcc -o conftest.exe -g -O2 -W -Wall -std=c99 -pedantic -Werror=implicit -Werror=missing-braces -Werror=return-type -Werror=trigraphs -Werror=pointer-arith -Werror=missing-prototypes -Werror=missing-declarations -Werror=comment -Werror=vla   conftest.c  >&5
F:\msys64\tmp\ccSIXoyX.o: In function `main':
F:\projects\nimjit\nasm/conftest.c:76: undefined reference to `strsep'
collect2.exe: error: ld returned 1 exit status
configure:5566: $? = 1
configure: failed program was:
| /* confdefs.h */
| #define PACKAGE_NAME ""
| #define PACKAGE_TARNAME ""
| #define PACKAGE_VERSION ""
| #define PACKAGE_STRING ""
| #define PACKAGE_BUGREPORT ""
| #define PACKAGE_URL ""
| #define STDC_HEADERS 1
| #define HAVE_SYS_TYPES_H 1
| #define HAVE_SYS_STAT_H 1
| #define HAVE_STDLIB_H 1
| #define HAVE_STRING_H 1
| #define HAVE_MEMORY_H 1
| #define HAVE_STRINGS_H 1
| #define HAVE_INTTYPES_H 1
| #define HAVE_STDINT_H 1
| #define HAVE_UNISTD_H 1
| #define __EXTENSIONS__ 1
| #define _ALL_SOURCE 1
| #define _GNU_SOURCE 1
| #define _POSIX_PTHREAD_SEMANTICS 1
| #define _TANDEM_SOURCE 1
| #define restrict __restrict
| #define HAVE_WORKING_BOOL 1
| #define WORDS_LITTLEENDIAN 1
| #define STDC_HEADERS 1
| #define HAVE_LIMITS_H 1
| #define HAVE_INTTYPES_H 1
| #define HAVE_STRINGS_H 1
| #define HAVE_STDBOOL_H 1
| #define HAVE_STRCSPN 1
| #define HAVE_STRSPN 1
| #define HAVE_VSNPRINTF 1
| #define HAVE__VSNPRINTF 1
| #define HAVE_SNPRINTF 1
| #define HAVE__SNPRINTF 1
| #define HAVE_STRCASECMP 1
| #define HAVE_STRICMP 1
| #define HAVE_STRNCASECMP 1
| #define HAVE_STRNICMP 1
| /* end confdefs.h.  */
| /* Define strsep to an innocuous variant, in case <limits.h> declares strsep.
|    For example, HP-UX 11i <limits.h> declares gettimeofday.  */
| #define strsep innocuous_strsep
| 
| /* System header to define __stub macros and hopefully few prototypes,
|     which can conflict with char strsep (); below.
|     Prefer <limits.h> to <assert.h> if __STDC__ is defined, since
|     <limits.h> exists even on freestanding compilers.  */
| 
| #ifdef __STDC__
| # include <limits.h>
| #else
| # include <assert.h>
| #endif
| 
| #undef strsep
| 
| /* Override any GCC internal prototype to avoid an error.
|    Use char because int might match the return type of a GCC
|    builtin and then its argument prototype would still apply.  */
| #ifdef __cplusplus
| extern "C"
| #endif
| char strsep ();
| /* The GNU C library defines this for functions which it implements
|     to always fail with ENOSYS.  Some functions are actually named
|     something starting with __ and the normal name is an alias.  */
| #if defined __stub_strsep || defined __stub___strsep
| choke me
| #endif
| 
| int
| main ()
| {
| return strsep ();
|   ;
|   return 0;
| }
configure:5566: result: no
configure:5577: checking for strlcpy
configure:5577: gcc -o conftest.exe -g -O2 -W -Wall -std=c99 -pedantic -Werror=implicit -Werror=missing-braces -Werror=return-type -Werror=trigraphs -Werror=pointer-arith -Werror=missing-prototypes -Werror=missing-declarations -Werror=comment -Werror=vla   conftest.c  >&5
F:\msys64\tmp\ccCMnIav.o: In function `main':
F:\projects\nimjit\nasm/conftest.c:76: undefined reference to `strlcpy'
collect2.exe: error: ld returned 1 exit status
configure:5577: $? = 1
configure: failed program was:
| /* confdefs.h */
| #define PACKAGE_NAME ""
| #define PACKAGE_TARNAME ""
| #define PACKAGE_VERSION ""
| #define PACKAGE_STRING ""
| #define PACKAGE_BUGREPORT ""
| #define PACKAGE_URL ""
| #define STDC_HEADERS 1
| #define HAVE_SYS_TYPES_H 1
| #define HAVE_SYS_STAT_H 1
| #define HAVE_STDLIB_H 1
| #define HAVE_STRING_H 1
| #define HAVE_MEMORY_H 1
| #define HAVE_STRINGS_H 1
| #define HAVE_INTTYPES_H 1
| #define HAVE_STDINT_H 1
| #define HAVE_UNISTD_H 1
| #define __EXTENSIONS__ 1
| #define _ALL_SOURCE 1
| #define _GNU_SOURCE 1
| #define _POSIX_PTHREAD_SEMANTICS 1
| #define _TANDEM_SOURCE 1
| #define restrict __restrict
| #define HAVE_WORKING_BOOL 1
| #define WORDS_LITTLEENDIAN 1
| #define STDC_HEADERS 1
| #define HAVE_LIMITS_H 1
| #define HAVE_INTTYPES_H 1
| #define HAVE_STRINGS_H 1
| #define HAVE_STDBOOL_H 1
| #define HAVE_STRCSPN 1
| #define HAVE_STRSPN 1
| #define HAVE_VSNPRINTF 1
| #define HAVE__VSNPRINTF 1
| #define HAVE_SNPRINTF 1
| #define HAVE__SNPRINTF 1
| #define HAVE_STRCASECMP 1
| #define HAVE_STRICMP 1
| #define HAVE_STRNCASECMP 1
| #define HAVE_STRNICMP 1
| /* end confdefs.h.  */
| /* Define strlcpy to an innocuous variant, in case <limits.h> declares strlcpy.
|    For example, HP-UX 11i <limits.h> declares gettimeofday.  */
| #define strlcpy innocuous_strlcpy
| 
| /* System header to define __stub macros and hopefully few prototypes,
|     which can conflict with char strlcpy (); below.
|     Prefer <limits.h> to <assert.h> if __STDC__ is defined, since
|     <limits.h> exists even on freestanding compilers.  */
| 
| #ifdef __STDC__
| # include <limits.h>
| #else
| # include <assert.h>
| #endif
| 
| #undef strlcpy
| 
| /* Override any GCC internal prototype to avoid an error.
|    Use char because int might match the return type of a GCC
|    builtin and then its argument prototype would still apply.  */
| #ifdef __cplusplus
| extern "C"
| #endif
| char strlcpy ();
| /* The GNU C library defines this for functions which it implements
|     to always fail with ENOSYS.  Some functions are actually named
|     something starting with __ and the normal name is an alias.  */
| #if defined __stub_strlcpy || defined __stub___strlcpy
| choke me
| #endif
| 
| int
| main ()
| {
| return strlcpy ();
|   ;
|   return 0;
| }
configure:5577: result: no
configure:5589: checking for getuid
configure:5589: gcc -o conftest.exe -g -O2 -W -Wall -std=c99 -pedantic -Werror=implicit -Werror=missing-braces -Werror=return-type -Werror=trigraphs -Werror=pointer-arith -Werror=missing-prototypes -Werror=missing-declarations -Werror=comment -Werror=vla   conftest.c  >&5
F:\msys64\tmp\cc0MhNz0.o: In function `main':
F:\projects\nimjit\nasm/conftest.c:76: undefined reference to `getuid'
collect2.exe: error: ld returned 1 exit status
configure:5589: $? = 1
configure: failed program was:
| /* confdefs.h */
| #define PACKAGE_NAME ""
| #define PACKAGE_TARNAME ""
| #define PACKAGE_VERSION ""
| #define PACKAGE_STRING ""
| #define PACKAGE_BUGREPORT ""
| #define PACKAGE_URL ""
| #define STDC_HEADERS 1
| #define HAVE_SYS_TYPES_H 1
| #define HAVE_SYS_STAT_H 1
| #define HAVE_STDLIB_H 1
| #define HAVE_STRING_H 1
| #define HAVE_MEMORY_H 1
| #define HAVE_STRINGS_H 1
| #define HAVE_INTTYPES_H 1
| #define HAVE_STDINT_H 1
| #define HAVE_UNISTD_H 1
| #define __EXTENSIONS__ 1
| #define _ALL_SOURCE 1
| #define _GNU_SOURCE 1
| #define _POSIX_PTHREAD_SEMANTICS 1
| #define _TANDEM_SOURCE 1
| #define restrict __restrict
| #define HAVE_WORKING_BOOL 1
| #define WORDS_LITTLEENDIAN 1
| #define STDC_HEADERS 1
| #define HAVE_LIMITS_H 1
| #define HAVE_INTTYPES_H 1
| #define HAVE_STRINGS_H 1
| #define HAVE_STDBOOL_H 1
| #define HAVE_STRCSPN 1
| #define HAVE_STRSPN 1
| #define HAVE_VSNPRINTF 1
| #define HAVE__VSNPRINTF 1
| #define HAVE_SNPRINTF 1
| #define HAVE__SNPRINTF 1
| #define HAVE_STRCASECMP 1
| #define HAVE_STRICMP 1
| #define HAVE_STRNCASECMP 1
| #define HAVE_STRNICMP 1
| /* end confdefs.h.  */
| /* Define getuid to an innocuous variant, in case <limits.h> declares getuid.
|    For example, HP-UX 11i <limits.h> declares gettimeofday.  */
| #define getuid innocuous_getuid
| 
| /* System header to define __stub macros and hopefully few prototypes,
|     which can conflict with char getuid (); below.
|     Prefer <limits.h> to <assert.h> if __STDC__ is defined, since
|     <limits.h> exists even on freestanding compilers.  */
| 
| #ifdef __STDC__
| # include <limits.h>
| #else
| # include <assert.h>
| #endif
| 
| #undef getuid
| 
| /* Override any GCC internal prototype to avoid an error.
|    Use char because int might match the return type of a GCC
|    builtin and then its argument prototype would still apply.  */
| #ifdef __cplusplus
| extern "C"
| #endif
| char getuid ();
| /* The GNU C library defines this for functions which it implements
|     to always fail with ENOSYS.  Some functions are actually named
|     something starting with __ and the normal name is an alias.  */
| #if defined __stub_getuid || defined __stub___getuid
| choke me
| #endif
| 
| int
| main ()
| {
| return getuid ();
|   ;
|   return 0;
| }
configure:5589: result: no
configure:5600: checking for getgid
configure:5600: gcc -o conftest.exe -g -O2 -W -Wall -std=c99 -pedantic -Werror=implicit -Werror=missing-braces -Werror=return-type -Werror=trigraphs -Werror=pointer-arith -Werror=missing-prototypes -Werror=missing-declarations -Werror=comment -Werror=vla   conftest.c  >&5
F:\msys64\tmp\ccOYgaBp.o: In function `main':
F:\projects\nimjit\nasm/conftest.c:76: undefined reference to `getgid'
collect2.exe: error: ld returned 1 exit status
configure:5600: $? = 1
configure: failed program was:
| /* confdefs.h */
| #define PACKAGE_NAME ""
| #define PACKAGE_TARNAME ""
| #define PACKAGE_VERSION ""
| #define PACKAGE_STRING ""
| #define PACKAGE_BUGREPORT ""
| #define PACKAGE_URL ""
| #define STDC_HEADERS 1
| #define HAVE_SYS_TYPES_H 1
| #define HAVE_SYS_STAT_H 1
| #define HAVE_STDLIB_H 1
| #define HAVE_STRING_H 1
| #define HAVE_MEMORY_H 1
| #define HAVE_STRINGS_H 1
| #define HAVE_INTTYPES_H 1
| #define HAVE_STDINT_H 1
| #define HAVE_UNISTD_H 1
| #define __EXTENSIONS__ 1
| #define _ALL_SOURCE 1
| #define _GNU_SOURCE 1
| #define _POSIX_PTHREAD_SEMANTICS 1
| #define _TANDEM_SOURCE 1
| #define restrict __restrict
| #define HAVE_WORKING_BOOL 1
| #define WORDS_LITTLEENDIAN 1
| #define STDC_HEADERS 1
| #define HAVE_LIMITS_H 1
| #define HAVE_INTTYPES_H 1
| #define HAVE_STRINGS_H 1
| #define HAVE_STDBOOL_H 1
| #define HAVE_STRCSPN 1
| #define HAVE_STRSPN 1
| #define HAVE_VSNPRINTF 1
| #define HAVE__VSNPRINTF 1
| #define HAVE_SNPRINTF 1
| #define HAVE__SNPRINTF 1
| #define HAVE_STRCASECMP 1
| #define HAVE_STRICMP 1
| #define HAVE_STRNCASECMP 1
| #define HAVE_STRNICMP 1
| /* end confdefs.h.  */
| /* Define getgid to an innocuous variant, in case <limits.h> declares getgid.
|    For example, HP-UX 11i <limits.h> declares gettimeofday.  */
| #define getgid innocuous_getgid
| 
| /* System header to define __stub macros and hopefully few prototypes,
|     which can conflict with char getgid (); below.
|     Prefer <limits.h> to <assert.h> if __STDC__ is defined, since
|     <limits.h> exists even on freestanding compilers.  */
| 
| #ifdef __STDC__
| # include <limits.h>
| #else
| # include <assert.h>
| #endif
| 
| #undef getgid
| 
| /* Override any GCC internal prototype to avoid an error.
|    Use char because int might match the return type of a GCC
|    builtin and then its argument prototype would still apply.  */
| #ifdef __cplusplus
| extern "C"
| #endif
| char getgid ();
| /* The GNU C library defines this for functions which it implements
|     to always fail with ENOSYS.  Some functions are actually named
|     something starting with __ and the normal name is an alias.  */
| #if defined __stub_getgid || defined __stub___getgid
| choke me
| #endif
| 
| int
| main ()
| {
| return getgid ();
|   ;
|   return 0;
| }
configure:5600: result: no
configure:5610: checking whether strcasecmp is declared
configure:5610: gcc -c -g -O2 -W -Wall -std=c99 -pedantic -Werror=implicit -Werror=missing-braces -Werror=return-type -Werror=trigraphs -Werror=pointer-arith -Werror=missing-prototypes -Werror=missing-declarations -Werror=comment -Werror=vla  conftest.c >&5
configure:5610: $? = 0
configure:5610: result: yes
configure:5621: checking whether stricmp is declared
configure:5621: gcc -c -g -O2 -W -Wall -std=c99 -pedantic -Werror=implicit -Werror=missing-braces -Werror=return-type -Werror=trigraphs -Werror=pointer-arith -Werror=missing-prototypes -Werror=missing-declarations -Werror=comment -Werror=vla  conftest.c >&5
configure:5621: $? = 0
configure:5621: result: yes
configure:5632: checking whether strncasecmp is declared
configure:5632: gcc -c -g -O2 -W -Wall -std=c99 -pedantic -Werror=implicit -Werror=missing-braces -Werror=return-type -Werror=trigraphs -Werror=pointer-arith -Werror=missing-prototypes -Werror=missing-declarations -Werror=comment -Werror=vla  conftest.c >&5
configure:5632: $? = 0
configure:5632: result: yes
configure:5643: checking whether strnicmp is declared
configure:5643: gcc -c -g -O2 -W -Wall -std=c99 -pedantic -Werror=implicit -Werror=missing-braces -Werror=return-type -Werror=trigraphs -Werror=pointer-arith -Werror=missing-prototypes -Werror=missing-declarations -Werror=comment -Werror=vla  conftest.c >&5
configure:5643: $? = 0
configure:5643: result: yes
configure:5654: checking whether strsep is declared
configure:5654: gcc -c -g -O2 -W -Wall -std=c99 -pedantic -Werror=implicit -Werror=missing-braces -Werror=return-type -Werror=trigraphs -Werror=pointer-arith -Werror=missing-prototypes -Werror=missing-declarations -Werror=comment -Werror=vla  conftest.c >&5
conftest.c: In function 'main':
conftest.c:86:10: error: 'strsep' undeclared (first use in this function)
   (void) strsep;
          ^
conftest.c:86:10: note: each undeclared identifier is reported only once for each function it appears in
configure:5654: $? = 1
configure: failed program was:
| /* confdefs.h */
| #define PACKAGE_NAME ""
| #define PACKAGE_TARNAME ""
| #define PACKAGE_VERSION ""
| #define PACKAGE_STRING ""
| #define PACKAGE_BUGREPORT ""
| #define PACKAGE_URL ""
| #define STDC_HEADERS 1
| #define HAVE_SYS_TYPES_H 1
| #define HAVE_SYS_STAT_H 1
| #define HAVE_STDLIB_H 1
| #define HAVE_STRING_H 1
| #define HAVE_MEMORY_H 1
| #define HAVE_STRINGS_H 1
| #define HAVE_INTTYPES_H 1
| #define HAVE_STDINT_H 1
| #define HAVE_UNISTD_H 1
| #define __EXTENSIONS__ 1
| #define _ALL_SOURCE 1
| #define _GNU_SOURCE 1
| #define _POSIX_PTHREAD_SEMANTICS 1
| #define _TANDEM_SOURCE 1
| #define restrict __restrict
| #define HAVE_WORKING_BOOL 1
| #define WORDS_LITTLEENDIAN 1
| #define STDC_HEADERS 1
| #define HAVE_LIMITS_H 1
| #define HAVE_INTTYPES_H 1
| #define HAVE_STRINGS_H 1
| #define HAVE_STDBOOL_H 1
| #define HAVE_STRCSPN 1
| #define HAVE_STRSPN 1
| #define HAVE_VSNPRINTF 1
| #define HAVE__VSNPRINTF 1
| #define HAVE_SNPRINTF 1
| #define HAVE__SNPRINTF 1
| #define HAVE_STRCASECMP 1
| #define HAVE_STRICMP 1
| #define HAVE_STRNCASECMP 1
| #define HAVE_STRNICMP 1
| #define HAVE_DECL_STRCASECMP 1
| #define HAVE_DECL_STRICMP 1
| #define HAVE_DECL_STRNCASECMP 1
| #define HAVE_DECL_STRNICMP 1
| /* end confdefs.h.  */
| #include <stdio.h>
| #ifdef HAVE_SYS_TYPES_H
| # include <sys/types.h>
| #endif
| #ifdef HAVE_SYS_STAT_H
| # include <sys/stat.h>
| #endif
| #ifdef STDC_HEADERS
| # include <stdlib.h>
| # include <stddef.h>
| #else
| # ifdef HAVE_STDLIB_H
| #  include <stdlib.h>
| # endif
| #endif
| #ifdef HAVE_STRING_H
| # if !defined STDC_HEADERS && defined HAVE_MEMORY_H
| #  include <memory.h>
| # endif
| # include <string.h>
| #endif
| #ifdef HAVE_STRINGS_H
| # include <strings.h>
| #endif
| #ifdef HAVE_INTTYPES_H
| # include <inttypes.h>
| #endif
| #ifdef HAVE_STDINT_H
| # include <stdint.h>
| #endif
| #ifdef HAVE_UNISTD_H
| # include <unistd.h>
| #endif
| int
| main ()
| {
| #ifndef strsep
| #ifdef __cplusplus
|   (void) strsep;
| #else
|   (void) strsep;
| #endif
| #endif
| 
|   ;
|   return 0;
| }
configure:5654: result: no
configure:5665: checking whether strlcpy is declared
configure:5665: gcc -c -g -O2 -W -Wall -std=c99 -pedantic -Werror=implicit -Werror=missing-braces -Werror=return-type -Werror=trigraphs -Werror=pointer-arith -Werror=missing-prototypes -Werror=missing-declarations -Werror=comment -Werror=vla  conftest.c >&5
conftest.c: In function 'main':
conftest.c:87:10: error: 'strlcpy' undeclared (first use in this function)
   (void) strlcpy;
          ^
conftest.c:87:10: note: each undeclared identifier is reported only once for each function it appears in
configure:5665: $? = 1
configure: failed program was:
| /* confdefs.h */
| #define PACKAGE_NAME ""
| #define PACKAGE_TARNAME ""
| #define PACKAGE_VERSION ""
| #define PACKAGE_STRING ""
| #define PACKAGE_BUGREPORT ""
| #define PACKAGE_URL ""
| #define STDC_HEADERS 1
| #define HAVE_SYS_TYPES_H 1
| #define HAVE_SYS_STAT_H 1
| #define HAVE_STDLIB_H 1
| #define HAVE_STRING_H 1
| #define HAVE_MEMORY_H 1
| #define HAVE_STRINGS_H 1
| #define HAVE_INTTYPES_H 1
| #define HAVE_STDINT_H 1
| #define HAVE_UNISTD_H 1
| #define __EXTENSIONS__ 1
| #define _ALL_SOURCE 1
| #define _GNU_SOURCE 1
| #define _POSIX_PTHREAD_SEMANTICS 1
| #define _TANDEM_SOURCE 1
| #define restrict __restrict
| #define HAVE_WORKING_BOOL 1
| #define WORDS_LITTLEENDIAN 1
| #define STDC_HEADERS 1
| #define HAVE_LIMITS_H 1
| #define HAVE_INTTYPES_H 1
| #define HAVE_STRINGS_H 1
| #define HAVE_STDBOOL_H 1
| #define HAVE_STRCSPN 1
| #define HAVE_STRSPN 1
| #define HAVE_VSNPRINTF 1
| #define HAVE__VSNPRINTF 1
| #define HAVE_SNPRINTF 1
| #define HAVE__SNPRINTF 1
| #define HAVE_STRCASECMP 1
| #define HAVE_STRICMP 1
| #define HAVE_STRNCASECMP 1
| #define HAVE_STRNICMP 1
| #define HAVE_DECL_STRCASECMP 1
| #define HAVE_DECL_STRICMP 1
| #define HAVE_DECL_STRNCASECMP 1
| #define HAVE_DECL_STRNICMP 1
| #define HAVE_DECL_STRSEP 0
| /* end confdefs.h.  */
| #include <stdio.h>
| #ifdef HAVE_SYS_TYPES_H
| # include <sys/types.h>
| #endif
| #ifdef HAVE_SYS_STAT_H
| # include <sys/stat.h>
| #endif
| #ifdef STDC_HEADERS
| # include <stdlib.h>
| # include <stddef.h>
| #else
| # ifdef HAVE_STDLIB_H
| #  include <stdlib.h>
| # endif
| #endif
| #ifdef HAVE_STRING_H
| # if !defined STDC_HEADERS && defined HAVE_MEMORY_H
| #  include <memory.h>
| # endif
| # include <string.h>
| #endif
| #ifdef HAVE_STRINGS_H
| # include <strings.h>
| #endif
| #ifdef HAVE_INTTYPES_H
| # include <inttypes.h>
| #endif
| #ifdef HAVE_STDINT_H
| # include <stdint.h>
| #endif
| #ifdef HAVE_UNISTD_H
| # include <unistd.h>
| #endif
| int
| main ()
| {
| #ifndef strlcpy
| #ifdef __cplusplus
|   (void) strlcpy;
| #else
|   (void) strlcpy;
| #endif
| #endif
| 
|   ;
|   return 0;
| }
configure:5665: result: no
configure:5810: creating ./config.status

## ---------------------- ##
## Running config.status. ##
## ---------------------- ##

This file was extended by config.status, which was
generated by GNU Autoconf 2.69.  Invocation command line was

  CONFIG_FILES    = 
  CONFIG_HEADERS  = 
  CONFIG_LINKS    = 
  CONFIG_COMMANDS = 
  $ ./config.status 

on JANGKO-PC

config.status:854: creating Makefile
config.status:854: creating rdoff/Makefile
config.status:854: creating doc/Makefile
config.status:854: creating config.h
config.status:1043: executing default-1 commands

## ---------------- ##
## Cache variables. ##
## ---------------- ##

ac_cv_c_bigendian=no
ac_cv_c_compiler_gnu=yes
ac_cv_c_const=yes
ac_cv_c_restrict=__restrict
ac_cv_env_CC_set=
ac_cv_env_CC_value=
ac_cv_env_CFLAGS_set=
ac_cv_env_CFLAGS_value=
ac_cv_env_CPPFLAGS_set=
ac_cv_env_CPPFLAGS_value=
ac_cv_env_CPP_set=
ac_cv_env_CPP_value=
ac_cv_env_LDFLAGS_set=
ac_cv_env_LDFLAGS_value=
ac_cv_env_LIBS_set=
ac_cv_env_LIBS_value=
ac_cv_env_build_alias_set=
ac_cv_env_build_alias_value=
ac_cv_env_host_alias_set=
ac_cv_env_host_alias_value=
ac_cv_env_target_alias_set=
ac_cv_env_target_alias_value=
ac_cv_exeext=.exe
ac_cv_func__snprintf=yes
ac_cv_func__vsnprintf=yes
ac_cv_func_getgid=no
ac_cv_func_getuid=no
ac_cv_func_snprintf=yes
ac_cv_func_strcasecmp=yes
ac_cv_func_strcspn=yes
ac_cv_func_stricmp=yes
ac_cv_func_strlcpy=no
ac_cv_func_strncasecmp=yes
ac_cv_func_strnicmp=yes
ac_cv_func_strsep=no
ac_cv_func_strspn=yes
ac_cv_func_vsnprintf=yes
ac_cv_have_decl_strcasecmp=yes
ac_cv_have_decl_stricmp=yes
ac_cv_have_decl_strlcpy=no
ac_cv_have_decl_strncasecmp=yes
ac_cv_have_decl_strnicmp=yes
ac_cv_have_decl_strsep=no
ac_cv_header_inttypes_h=yes
ac_cv_header_limits_h=yes
ac_cv_header_memory_h=yes
ac_cv_header_minix_config_h=no
ac_cv_header_stdbool_h=yes
ac_cv_header_stdc=yes
ac_cv_header_stdint_h=yes
ac_cv_header_stdlib_h=yes
ac_cv_header_string_h=yes
ac_cv_header_strings_h=yes
ac_cv_header_sys_stat_h=yes
ac_cv_header_sys_types_h=yes
ac_cv_header_unistd_h=yes
ac_cv_objext=o
ac_cv_path_EGREP='/usr/bin/grep -E'
ac_cv_path_GREP=/usr/bin/grep
ac_cv_path_ac_prefix_program=/f/nasm/nasm
ac_cv_path_install='/usr/bin/install -c'
ac_cv_prog_CPP='gcc -E'
ac_cv_prog_ac_ct_CC=gcc
ac_cv_prog_cc_c89=
ac_cv_prog_cc_g=yes
ac_cv_prog_make_make_set=yes
ac_cv_prog_make_vpathok=yes
ac_cv_safe_to_define___extensions__=yes
ac_cv_type_size_t=yes

## ----------------- ##
## Output variables. ##
## ----------------- ##

ACRODIST='false'
ASCIIDOC='false'
CC='gcc'
CFLAGS='-g -O2 -W -Wall -std=c99 -pedantic -Werror=implicit -Werror=missing-braces -Werror=return-type -Werror=trigraphs -Werror=pointer-arith -Werror=missing-prototypes -Werror=missing-declarations -Werror=comment -Werror=vla'
CPP='gcc -E'
CPPFLAGS=''
DEFS='-DHAVE_CONFIG_H'
ECHO_C=''
ECHO_N='-n'
ECHO_T=''
EGREP='/usr/bin/grep -E'
EXEEXT='.exe'
GREP='/usr/bin/grep'
INSTALL_DATA='${INSTALL} -m 644'
INSTALL_PROGRAM='${INSTALL}'
INSTALL_SCRIPT='${INSTALL}'
LDFLAGS=''
LIBOBJS=''
LIBS=''
LN_S='cp -pR'
LTLIBOBJS=''
NROFF='false'
OBJEXT='o'
PACKAGE_BUGREPORT=''
PACKAGE_NAME=''
PACKAGE_STRING=''
PACKAGE_TARNAME=''
PACKAGE_URL=''
PACKAGE_VERSION=''
PATH_SEPARATOR=':'
PS2PDF='false'
PSTOPDF='false'
SET_MAKE=''
SHELL='/bin/sh'
XMLTO='false'
XOBJS=''
ac_ct_CC='gcc'
ac_prefix_program='/f/nasm/nasm'
bindir='${exec_prefix}/bin'
build_alias=''
datadir='${datarootdir}'
datarootdir='${prefix}/share'
docdir='${datarootdir}/doc/${PACKAGE}'
dvidir='${docdir}'
exec_prefix='${prefix}'
host_alias=''
htmldir='${docdir}'
includedir='${prefix}/include'
infodir='${datarootdir}/info'
libdir='${exec_prefix}/lib'
libexecdir='${exec_prefix}/libexec'
localedir='${datarootdir}/locale'
localstatedir='${prefix}/var'
mandir='${datarootdir}/man'
oldincludedir='/usr/include'
pdfdir='${docdir}'
prefix='/f'
program_transform_name='s,x,x,'
psdir='${docdir}'
sbindir='${exec_prefix}/sbin'
sharedstatedir='${prefix}/com'
sysconfdir='${prefix}/etc'
target_alias=''

## ----------- ##
## confdefs.h. ##
## ----------- ##

/* confdefs.h */
#define PACKAGE_NAME ""
#define PACKAGE_TARNAME ""
#define PACKAGE_VERSION ""
#define PACKAGE_STRING ""
#define PACKAGE_BUGREPORT ""
#define PACKAGE_URL ""
#define STDC_HEADERS 1
#define HAVE_SYS_TYPES_H 1
#define HAVE_SYS_STAT_H 1
#define HAVE_STDLIB_H 1
#define HAVE_STRING_H 1
#define HAVE_MEMORY_H 1
#define HAVE_STRINGS_H 1
#define HAVE_INTTYPES_H 1
#define HAVE_STDINT_H 1
#define HAVE_UNISTD_H 1
#define __EXTENSIONS__ 1
#define _ALL_SOURCE 1
#define _GNU_SOURCE 1
#define _POSIX_PTHREAD_SEMANTICS 1
#define _TANDEM_SOURCE 1
#define restrict __restrict
#define HAVE_WORKING_BOOL 1
#define WORDS_LITTLEENDIAN 1
#define STDC_HEADERS 1
#define HAVE_LIMITS_H 1
#define HAVE_INTTYPES_H 1
#define HAVE_STRINGS_H 1
#define HAVE_STDBOOL_H 1
#define HAVE_STRCSPN 1
#define HAVE_STRSPN 1
#define HAVE_VSNPRINTF 1
#define HAVE__VSNPRINTF 1
#define HAVE_SNPRINTF 1
#define HAVE__SNPRINTF 1
#define HAVE_STRCASECMP 1
#define HAVE_STRICMP 1
#define HAVE_STRNCASECMP 1
#define HAVE_STRNICMP 1
#define HAVE_DECL_STRCASECMP 1
#define HAVE_DECL_STRICMP 1
#define HAVE_DECL_STRNCASECMP 1
#define HAVE_DECL_STRNICMP 1
#define HAVE_DECL_STRSEP 0
#define HAVE_DECL_STRLCPY 0

configure: exit 0
